Assembler report for MSI_VHDL
Wed Apr 07 20:33:06 2021
Quartus Prime Version 17.0.0 Build 595 04/25/2017 SJ Standard Edition


---------------------
; Table of Contents ;
---------------------
  1. Legal Notice
  2. Assembler Summary
  3. Assembler Settings
  4. Assembler Generated Files
  5. Assembler Device Options: D:/FIEC/F_BLOG/GITHUB/MSI_VHDL/output_files/MSI_VHDL.sof
  6. Assembler Messages



----------------
; Legal Notice ;
----------------
Copyright (C) 2017  Intel Corporation. All rights reserved.
Your use of Intel Corporation's design tools, logic functions 
and other software and tools, and its AMPP partner logic 
functions, and any output files from any of the foregoing 
(including device programming or simulation files), and any 
associated documentation or information are expressly subject 
to the terms and conditions of the Intel Program License 
Subscription Agreement, the Intel Quartus Prime License Agreement,
the Intel MegaCore Function License Agreement, or other 
applicable license agreement, including, without limitation, 
that your use is for the sole purpose of programming logic 
devices manufactured by Intel and sold by Intel or its 
authorized distributors.  Please refer to the applicable 
agreement for further details.



+---------------------------------------------------------------+
; Assembler Summary                                             ;
+-----------------------+---------------------------------------+
; Assembler Status      ; Successful - Wed Apr 07 20:33:06 2021 ;
; Revision Name         ; MSI_VHDL                              ;
; Top-level Entity Name ; comparador                            ;
; Family                ; Cyclone V                             ;
; Device                ; 5CSEBA6U23I7                          ;
+-----------------------+---------------------------------------+


+----------------------------------+
; Assembler Settings               ;
+--------+---------+---------------+
; Option ; Setting ; Default Value ;
+--------+---------+---------------+


+----------------------------------------------------------+
; Assembler Generated Files                                ;
+----------------------------------------------------------+
; File Name                                                ;
+----------------------------------------------------------+
; D:/FIEC/F_BLOG/GITHUB/MSI_VHDL/output_files/MSI_VHDL.sof ;
+----------------------------------------------------------+


+------------------------------------------------------------------------------------+
; Assembler Device Options: D:/FIEC/F_BLOG/GITHUB/MSI_VHDL/output_files/MSI_VHDL.sof ;
+----------------+-------------------------------------------------------------------+
; Option         ; Setting                                                           ;
+----------------+-------------------------------------------------------------------+
; JTAG usercode  ; 0x00B02C26                                                        ;
; Checksum       ; 0x00B02C26                                                        ;
+----------------+-------------------------------------------------------------------+


+--------------------+
; Assembler Messages ;
+--------------------+
Info: *******************************************************************
Info: Running Quartus Prime Assembler
    Info: Version 17.0.0 Build 595 04/25/2017 SJ Standard Edition
    Info: Processing started: Wed Apr 07 20:32:34 2021
Info: Command: quartus_asm --read_settings_files=off --write_settings_files=off MSI_VHDL -c MSI_VHDL
Warning (18236): Number of processors has not been specified which may cause overloading on shared machines.  Set the global assignment NUM_PARALLEL_PROCESSORS in your QSF to an appropriate value for best performance.
Info (115030): Assembler is generating device programming files
Info: Quartus Prime Assembler was successful. 0 errors, 1 warning
    Info: Peak virtual memory: 4838 megabytes
    Info: Processing ended: Wed Apr 07 20:33:07 2021
    Info: Elapsed time: 00:00:33
    Info: Total CPU time (on all processors): 00:00:32


