Flow report for EjemploFF
Wed Aug 04 17:02:40 2021
Quartus Prime Version 19.1.0 Build 670 09/22/2019 SJ Lite Edition


---------------------
; Table of Contents ;
---------------------
  1. Legal Notice
  2. Flow Summary
  3. Flow Settings
  4. Flow Non-Default Global Settings
  5. Flow Elapsed Time
  6. Flow OS Summary
  7. Flow Log
  8. Flow Messages
  9. Flow Suppressed Messages



----------------
; Legal Notice ;
----------------
Copyright (C) 2019  Intel Corporation. All rights reserved.
Your use of Intel Corporation's design tools, logic functions 
and other software and tools, and any partner logic 
functions, and any output files from any of the foregoing 
(including device programming or simulation files), and any 
associated documentation or information are expressly subject 
to the terms and conditions of the Intel Program License 
Subscription Agreement, the Intel Quartus Prime License Agreement,
the Intel FPGA IP License Agreement, or other applicable license
agreement, including, without limitation, that your use is for
the sole purpose of programming logic devices manufactured by
Intel and sold by Intel or its authorized distributors.  Please
refer to the applicable agreement for further details, at
https://fpgasoftware.intel.com/eula.



+----------------------------------------------------------------------------------------+
; Flow Summary                                                                           ;
+---------------------------------+------------------------------------------------------+
; Flow Status                     ; EDA Netlist Writer Failed - Wed Aug 04 17:02:40 2021 ;
; Quartus Prime Version           ; 19.1.0 Build 670 09/22/2019 SJ Lite Edition          ;
; Revision Name                   ; EjemploFF                                            ;
; Top-level Entity Name           ; ffjk                                                 ;
; Family                          ; Cyclone V                                            ;
; Device                          ; 5CGXFC7C7F23C8                                       ;
; Timing Models                   ; Final                                                ;
; Logic utilization (in ALMs)     ; 1 / 56,480 ( < 1 % )                                 ;
; Total registers                 ; 1                                                    ;
; Total pins                      ; 5 / 268 ( 2 % )                                      ;
; Total virtual pins              ; 0                                                    ;
; Total block memory bits         ; 0 / 7,024,640 ( 0 % )                                ;
; Total DSP Blocks                ; 0 / 156 ( 0 % )                                      ;
; Total HSSI RX PCSs              ; 0 / 6 ( 0 % )                                        ;
; Total HSSI PMA RX Deserializers ; 0 / 6 ( 0 % )                                        ;
; Total HSSI TX PCSs              ; 0 / 6 ( 0 % )                                        ;
; Total HSSI PMA TX Serializers   ; 0 / 6 ( 0 % )                                        ;
; Total PLLs                      ; 0 / 13 ( 0 % )                                       ;
; Total DLLs                      ; 0 / 4 ( 0 % )                                        ;
+---------------------------------+------------------------------------------------------+


+-----------------------------------------+
; Flow Settings                           ;
+-------------------+---------------------+
; Option            ; Setting             ;
+-------------------+---------------------+
; Start date & time ; 08/04/2021 16:57:21 ;
; Main task         ; Compilation         ;
; Revision Name     ; EjemploFF           ;
+-------------------+---------------------+


+-------------------------------------------------------------------------------------------------------------------------+
; Flow Non-Default Global Settings                                                                                        ;
+-------------------------------------+----------------------------------------+---------------+-------------+------------+
; Assignment Name                     ; Value                                  ; Default Value ; Entity Name ; Section Id ;
+-------------------------------------+----------------------------------------+---------------+-------------+------------+
; COMPILER_SIGNATURE_ID               ; 220295162292527.162811424113808        ; --            ; --          ; --         ;
; MAX_CORE_JUNCTION_TEMP              ; 85                                     ; --            ; --          ; --         ;
; MIN_CORE_JUNCTION_TEMP              ; 0                                      ; --            ; --          ; --         ;
; PARTITION_COLOR                     ; -- (Not supported for targeted family) ; --            ; ffjk        ; Top        ;
; PARTITION_FITTER_PRESERVATION_LEVEL ; -- (Not supported for targeted family) ; --            ; ffjk        ; Top        ;
; PARTITION_NETLIST_TYPE              ; -- (Not supported for targeted family) ; --            ; ffjk        ; Top        ;
; POWER_BOARD_THERMAL_MODEL           ; None (CONSERVATIVE)                    ; --            ; --          ; --         ;
; POWER_PRESET_COOLING_SOLUTION       ; 23 MM HEAT SINK WITH 200 LFPM AIRFLOW  ; --            ; --          ; --         ;
; PROJECT_OUTPUT_DIRECTORY            ; output_files                           ; --            ; --          ; --         ;
; TOP_LEVEL_ENTITY                    ; ffjk                                   ; EjemploFF     ; --          ; --         ;
+-------------------------------------+----------------------------------------+---------------+-------------+------------+


+--------------------------------------------------------------------------------------------------------------------------+
; Flow Elapsed Time                                                                                                        ;
+----------------------+--------------+-------------------------+---------------------+------------------------------------+
; Module Name          ; Elapsed Time ; Average Processors Used ; Peak Virtual Memory ; Total CPU Time (on all processors) ;
+----------------------+--------------+-------------------------+---------------------+------------------------------------+
; Analysis & Synthesis ; 00:00:10     ; 1.0                     ; 4847 MB             ; 00:00:23                           ;
; Fitter               ; 00:00:31     ; 1.0                     ; 6643 MB             ; 00:01:01                           ;
; Assembler            ; 00:00:07     ; 1.0                     ; 4835 MB             ; 00:00:08                           ;
; Timing Analyzer      ; 00:00:05     ; 1.0                     ; 5145 MB             ; 00:00:05                           ;
; EDA Netlist Writer   ; 00:00:01     ; 1.0                     ; 4715 MB             ; 00:00:01                           ;
; EDA Netlist Writer   ; 00:00:01     ; 1.0                     ; 4717 MB             ; 00:00:01                           ;
; Total                ; 00:00:55     ; --                      ; --                  ; 00:01:39                           ;
+----------------------+--------------+-------------------------+---------------------+------------------------------------+


+------------------------------------------------------------------------------------+
; Flow OS Summary                                                                    ;
+----------------------+------------------+------------+------------+----------------+
; Module Name          ; Machine Hostname ; OS Name    ; OS Version ; Processor type ;
+----------------------+------------------+------------+------------+----------------+
; Analysis & Synthesis ; DESKTOP-CPSEE1R  ; Windows 10 ; 10.0       ; x86_64         ;
; Fitter               ; DESKTOP-CPSEE1R  ; Windows 10 ; 10.0       ; x86_64         ;
; Assembler            ; DESKTOP-CPSEE1R  ; Windows 10 ; 10.0       ; x86_64         ;
; Timing Analyzer      ; DESKTOP-CPSEE1R  ; Windows 10 ; 10.0       ; x86_64         ;
; EDA Netlist Writer   ; DESKTOP-CPSEE1R  ; Windows 10 ; 10.0       ; x86_64         ;
; EDA Netlist Writer   ; DESKTOP-CPSEE1R  ; Windows 10 ; 10.0       ; x86_64         ;
+----------------------+------------------+------------+------------+----------------+


------------
; Flow Log ;
------------
quartus_map --read_settings_files=on --write_settings_files=off EjemploFF -c EjemploFF
quartus_fit --read_settings_files=off --write_settings_files=off EjemploFF -c EjemploFF
quartus_asm --read_settings_files=off --write_settings_files=off EjemploFF -c EjemploFF
quartus_sta EjemploFF -c EjemploFF
quartus_eda --gen_testbench --tool=modelsim_oem --format=vhdl --write_settings_files=off EjemploFF -c EjemploFF --vector_source=C:/Users/vasan/Desktop/EjemploFF/Waveform.vwf --testbench_file=C:/Users/vasan/Desktop/EjemploFF/simulation/qsim/Waveform.vwf.vht
quartus_eda --gen_testbench --tool=modelsim_oem --format=vhdl --write_settings_files=off EjemploFF -c EjemploFF --vector_source=C:/Users/vasan/Desktop/EjemploFF/Waveform5.vwf --testbench_file=C:/Users/vasan/Desktop/EjemploFF/simulation/qsim/Waveform5.vwf.vht



